<?xml version="1.0" encoding="UTF-8"?>
<!-- Generated by org.testng.reporters.JUnitXMLReporter -->
<testsuite ignored="22" hostname="DESKTOP-5UKM8NQ" failures="0" tests="1" name="Default test" time="4.017" errors="0" timestamp="2024-01-11T17:32:55 IST">
  <testcase classname="api.mahindra.DealerAPI" name="Test21_validateAddUser" time="2.467"/>
  <testcase classname="api.mahindra.DealerAPI" name="Test05_validateDealerData" time="0.0">
    <ignored/>
  </testcase> <!-- Test05_validateDealerData -->
  <testcase classname="api.mahindra.DealerAPI" name="Test11_validateDealerData" time="0.0">
    <ignored/>
  </testcase> <!-- Test11_validateDealerData -->
  <testcase classname="api.mahindra.DealerAPI" name="Test12_validateDealerData" time="0.0">
    <ignored/>
  </testcase> <!-- Test12_validateDealerData -->
  <testcase classname="api.mahindra.DealerAPI" name="Test20_validateAddUser" time="0.0">
    <ignored/>
  </testcase> <!-- Test20_validateAddUser -->
  <testcase classname="api.mahindra.DealerAPI" name="Test19_validateAddUser" time="0.0">
    <ignored/>
  </testcase> <!-- Test19_validateAddUser -->
  <testcase classname="api.mahindra.DealerAPI" name="Test29_validateAddUser" time="0.0">
    <ignored/>
  </testcase> <!-- Test29_validateAddUser -->
  <testcase classname="api.mahindra.DealerAPI" name="Test08_validateDealerData" time="0.0">
    <ignored/>
  </testcase> <!-- Test08_validateDealerData -->
  <testcase classname="api.mahindra.DealerAPI" name="Test02_validateDealerData" time="0.0">
    <ignored/>
  </testcase> <!-- Test02_validateDealerData -->
  <testcase classname="api.mahindra.DealerAPI" name="Test30_validateAddUser" time="0.0">
    <ignored/>
  </testcase> <!-- Test30_validateAddUser -->
  <testcase classname="api.mahindra.DealerAPI" name="Test18_validateDealerData" time="0.0">
    <ignored/>
  </testcase> <!-- Test18_validateDealerData -->
  <testcase classname="api.mahindra.DealerAPI" name="Test17_validateDealerData" time="0.0">
    <ignored/>
  </testcase> <!-- Test17_validateDealerData -->
  <testcase classname="api.mahindra.DealerAPI" name="Test06_validateDealerData" time="0.0">
    <ignored/>
  </testcase> <!-- Test06_validateDealerData -->
  <testcase classname="api.mahindra.DealerAPI" name="Test04_validateDealerData" time="0.0">
    <ignored/>
  </testcase> <!-- Test04_validateDealerData -->
  <testcase classname="api.mahindra.DealerAPI" name="Test10_validateDealerData" time="0.0">
    <ignored/>
  </testcase> <!-- Test10_validateDealerData -->
  <testcase classname="api.mahindra.DealerAPI" name="Test13_validateDealerData" time="0.0">
    <ignored/>
  </testcase> <!-- Test13_validateDealerData -->
  <testcase classname="api.mahindra.DealerAPI" name="Test03_validateDealerData" time="0.0">
    <ignored/>
  </testcase> <!-- Test03_validateDealerData -->
  <testcase classname="api.mahindra.DealerAPI" name="Test07_validateDealerData" time="0.0">
    <ignored/>
  </testcase> <!-- Test07_validateDealerData -->
  <testcase classname="api.mahindra.DealerAPI" name="Test15_validateDealerData" time="0.0">
    <ignored/>
  </testcase> <!-- Test15_validateDealerData -->
  <testcase classname="api.mahindra.DealerAPI" name="Test16_validateDealerData" time="0.0">
    <ignored/>
  </testcase> <!-- Test16_validateDealerData -->
  <testcase classname="api.mahindra.DealerAPI" name="Test14_validateDealerData" time="0.0">
    <ignored/>
  </testcase> <!-- Test14_validateDealerData -->
  <testcase classname="api.mahindra.DealerAPI" name="Test09_validateDealerData" time="0.0">
    <ignored/>
  </testcase> <!-- Test09_validateDealerData -->
  <testcase classname="api.mahindra.DealerAPI" name="Test01_validateDealerData" time="0.0">
    <ignored/>
  </testcase> <!-- Test01_validateDealerData -->
</testsuite> <!-- Default test -->
